build/app/intermediates/manifest_merge_blame_file/release/manifest-merger-blame-release-report.txt
1<?xml version="1.0" encoding="utf-8"?>
2<manifest xmlns:android="http://schemas.android.com/apk/res/android"
3    package="com.example.investify"
4    android:versionCode="100"
5    android:versionName="1.0" >
6
7    <uses-sdk
8        android:minSdkVersion="19"
8-->src\main\AndroidManifest.xml
9        android:targetSdkVersion="33" />
9-->src\main\AndroidManifest.xml
10
11    <uses-permission android:name="android.permission.READ_EXTERNAL_STORAGE" />
11-->src\main\AndroidManifest.xml:2:5-80
11-->src\main\AndroidManifest.xml:2:22-77
12    <uses-permission android:name="android.permission.WRITE_EXTERNAL_STORAGE" />
12-->src\main\AndroidManifest.xml:3:5-81
12-->src\main\AndroidManifest.xml:3:22-78
13    <uses-permission android:name="android.permission.INTERNET" />
13-->src\main\AndroidManifest.xml:4:5-66
13-->src\main\AndroidManifest.xml:4:22-64
14    <uses-permission android:name="android.permission.ACCESS_NETWORK_STATE" />
14-->[com.google.android.exoplayer:exoplayer-core:2.18.7] AndroidManifest.xml:24:5-79
14-->[com.google.android.exoplayer:exoplayer-core:2.18.7] AndroidManifest.xml:24:22-76
15
16    <permission
16-->[androidx.core:core:1.10.1] AndroidManifest.xml:22:5-24:47
17        android:name="com.example.investify.DYNAMIC_RECEIVER_NOT_EXPORTED_PERMISSION"
17-->[androidx.core:core:1.10.1] AndroidManifest.xml:23:9-81
18        android:protectionLevel="signature" />
18-->[androidx.core:core:1.10.1] AndroidManifest.xml:24:9-44
19
20    <uses-permission android:name="com.example.investify.DYNAMIC_RECEIVER_NOT_EXPORTED_PERMISSION" />
20-->[androidx.core:core:1.10.1] AndroidManifest.xml:26:5-97
20-->[androidx.core:core:1.10.1] AndroidManifest.xml:26:22-94
21
22    <application
23        android:name="android.app.Application"
23-->src\main\AndroidManifest.xml:7:9-42
24        android:appComponentFactory="androidx.core.app.CoreComponentFactory"
24-->[androidx.core:core:1.10.1] AndroidManifest.xml:28:18-86
25        android:icon="@mipmap/ic_launcher"
25-->src\main\AndroidManifest.xml:8:9-43
26        android:label="investify" >
26-->src\main\AndroidManifest.xml:6:9-34
27        <activity
27-->src\main\AndroidManifest.xml:9:9-29:20
28            android:name="com.example.investify.MainActivity"
28-->src\main\AndroidManifest.xml:10:13-41
29            android:configChanges="orientation|keyboardHidden|keyboard|screenSize|smallestScreenSize|locale|layoutDirection|fontScale|screenLayout|density|uiMode"
29-->src\main\AndroidManifest.xml:14:13-163
30            android:exported="true"
30-->src\main\AndroidManifest.xml:11:13-36
31            android:hardwareAccelerated="true"
31-->src\main\AndroidManifest.xml:15:13-47
32            android:launchMode="singleTop"
32-->src\main\AndroidManifest.xml:12:13-43
33            android:theme="@style/LaunchTheme"
33-->src\main\AndroidManifest.xml:13:13-47
34            android:windowSoftInputMode="adjustResize" >
34-->src\main\AndroidManifest.xml:16:13-55
35
36            <!--
37                 Specifies an Android theme to apply to this Activity as soon as
38                 the Android process has started. This theme is visible to the user
39                 while the Flutter UI initializes. After that, this theme continues
40                 to determine the Window background behind the Flutter UI.
41            -->
42            <meta-data
42-->src\main\AndroidManifest.xml:21:13-24:17
43                android:name="io.flutter.embedding.android.NormalTheme"
43-->src\main\AndroidManifest.xml:22:15-70
44                android:resource="@style/NormalTheme" />
44-->src\main\AndroidManifest.xml:23:15-52
45
46            <intent-filter>
46-->src\main\AndroidManifest.xml:25:13-28:29
47                <action android:name="android.intent.action.MAIN" />
47-->src\main\AndroidManifest.xml:26:17-68
47-->src\main\AndroidManifest.xml:26:25-66
48
49                <category android:name="android.intent.category.LAUNCHER" />
49-->src\main\AndroidManifest.xml:27:17-76
49-->src\main\AndroidManifest.xml:27:27-74
50            </intent-filter>
51        </activity>
52        <!--
53             Don't delete the meta-data below.
54             This is used by the Flutter tool to generate GeneratedPluginRegistrant.java
55        -->
56        <meta-data
56-->src\main\AndroidManifest.xml:32:9-34:33
57            android:name="flutterEmbedding"
57-->src\main\AndroidManifest.xml:33:13-44
58            android:value="2" />
58-->src\main\AndroidManifest.xml:34:13-30
59
60        <provider
60-->[:image_picker_android] AndroidManifest.xml:11:9-19:20
61            android:name="io.flutter.plugins.imagepicker.ImagePickerFileProvider"
61-->[:image_picker_android] AndroidManifest.xml:12:13-82
62            android:authorities="com.example.investify.flutter.image_provider"
62-->[:image_picker_android] AndroidManifest.xml:13:13-74
63            android:exported="false"
63-->[:image_picker_android] AndroidManifest.xml:14:13-37
64            android:grantUriPermissions="true" >
64-->[:image_picker_android] AndroidManifest.xml:15:13-47
65            <meta-data
65-->[:image_picker_android] AndroidManifest.xml:16:13-18:75
66                android:name="android.support.FILE_PROVIDER_PATHS"
66-->[:image_picker_android] AndroidManifest.xml:17:17-67
67                android:resource="@xml/flutter_image_picker_file_paths" />
67-->[:image_picker_android] AndroidManifest.xml:18:17-72
68        </provider> <!-- Trigger Google Play services to install the backported photo picker module. -->
69        <service
69-->[:image_picker_android] AndroidManifest.xml:21:9-33:19
70            android:name="com.google.android.gms.metadata.ModuleDependencies"
70-->[:image_picker_android] AndroidManifest.xml:22:13-78
71            android:enabled="false"
71-->[:image_picker_android] AndroidManifest.xml:23:13-36
72            android:exported="false" >
72-->[:image_picker_android] AndroidManifest.xml:24:13-37
73            <intent-filter>
73-->[:image_picker_android] AndroidManifest.xml:26:13-28:29
74                <action android:name="com.google.android.gms.metadata.MODULE_DEPENDENCIES" />
74-->[:image_picker_android] AndroidManifest.xml:27:17-94
74-->[:image_picker_android] AndroidManifest.xml:27:25-91
75            </intent-filter>
76
77            <meta-data
77-->[:image_picker_android] AndroidManifest.xml:30:13-32:36
78                android:name="photopicker_activity:0:required"
78-->[:image_picker_android] AndroidManifest.xml:31:17-63
79                android:value="" />
79-->[:image_picker_android] AndroidManifest.xml:32:17-33
80        </service>
81
82        <uses-library
82-->[androidx.window:window:1.0.0-beta04] AndroidManifest.xml:25:9-27:40
83            android:name="androidx.window.extensions"
83-->[androidx.window:window:1.0.0-beta04] AndroidManifest.xml:26:13-54
84            android:required="false" />
84-->[androidx.window:window:1.0.0-beta04] AndroidManifest.xml:27:13-37
85        <uses-library
85-->[androidx.window:window:1.0.0-beta04] AndroidManifest.xml:28:9-30:40
86            android:name="androidx.window.sidecar"
86-->[androidx.window:window:1.0.0-beta04] AndroidManifest.xml:29:13-51
87            android:required="false" />
87-->[androidx.window:window:1.0.0-beta04] AndroidManifest.xml:30:13-37
88
89        <provider
89-->[androidx.profileinstaller:profileinstaller:1.3.0] AndroidManifest.xml:24:9-32:20
90            android:name="androidx.startup.InitializationProvider"
90-->[androidx.profileinstaller:profileinstaller:1.3.0] AndroidManifest.xml:25:13-67
91            android:authorities="com.example.investify.androidx-startup"
91-->[androidx.profileinstaller:profileinstaller:1.3.0] AndroidManifest.xml:26:13-68
92            android:exported="false" >
92-->[androidx.profileinstaller:profileinstaller:1.3.0] AndroidManifest.xml:27:13-37
93            <meta-data
93-->[androidx.profileinstaller:profileinstaller:1.3.0] AndroidManifest.xml:29:13-31:52
94                android:name="androidx.profileinstaller.ProfileInstallerInitializer"
94-->[androidx.profileinstaller:profileinstaller:1.3.0] AndroidManifest.xml:30:17-85
95                android:value="androidx.startup" />
95-->[androidx.profileinstaller:profileinstaller:1.3.0] AndroidManifest.xml:31:17-49
96        </provider>
97
98        <receiver
98-->[androidx.profileinstaller:profileinstaller:1.3.0] AndroidManifest.xml:34:9-52:20
99            android:name="androidx.profileinstaller.ProfileInstallReceiver"
99-->[androidx.profileinstaller:profileinstaller:1.3.0] AndroidManifest.xml:35:13-76
100            android:directBootAware="false"
100-->[androidx.profileinstaller:profileinstaller:1.3.0] AndroidManifest.xml:36:13-44
101            android:enabled="true"
101-->[androidx.profileinstaller:profileinstaller:1.3.0] AndroidManifest.xml:37:13-35
102            android:exported="true"
102-->[androidx.profileinstaller:profileinstaller:1.3.0] AndroidManifest.xml:38:13-36
103            android:permission="android.permission.DUMP" >
103-->[androidx.profileinstaller:profileinstaller:1.3.0] AndroidManifest.xml:39:13-57
104            <intent-filter>
104-->[androidx.profileinstaller:profileinstaller:1.3.0] AndroidManifest.xml:40:13-42:29
105                <action android:name="androidx.profileinstaller.action.INSTALL_PROFILE" />
105-->[androidx.profileinstaller:profileinstaller:1.3.0] AndroidManifest.xml:41:17-91
105-->[androidx.profileinstaller:profileinstaller:1.3.0] AndroidManifest.xml:41:25-88
106            </intent-filter>
107            <intent-filter>
107-->[androidx.profileinstaller:profileinstaller:1.3.0] AndroidManifest.xml:43:13-45:29
108                <action android:name="androidx.profileinstaller.action.SKIP_FILE" />
108-->[androidx.profileinstaller:profileinstaller:1.3.0] AndroidManifest.xml:44:17-85
108-->[androidx.profileinstaller:profileinstaller:1.3.0] AndroidManifest.xml:44:25-82
109            </intent-filter>
110            <intent-filter>
110-->[androidx.profileinstaller:profileinstaller:1.3.0] AndroidManifest.xml:46:13-48:29
111                <action android:name="androidx.profileinstaller.action.SAVE_PROFILE" />
111-->[androidx.profileinstaller:profileinstaller:1.3.0] AndroidManifest.xml:47:17-88
111-->[androidx.profileinstaller:profileinstaller:1.3.0] AndroidManifest.xml:47:25-85
112            </intent-filter>
113            <intent-filter>
113-->[androidx.profileinstaller:profileinstaller:1.3.0] AndroidManifest.xml:49:13-51:29
114                <action android:name="androidx.profileinstaller.action.BENCHMARK_OPERATION" />
114-->[androidx.profileinstaller:profileinstaller:1.3.0] AndroidManifest.xml:50:17-95
114-->[androidx.profileinstaller:profileinstaller:1.3.0] AndroidManifest.xml:50:25-92
115            </intent-filter>
116        </receiver>
117    </application>
118
119</manifest>